2021-03-17 16:21:20.226 [main] INFO  calculator.App - Factorial of 5
2021-03-17 16:21:20.231 [main] INFO  calculator.App - !5 = 120
2021-03-17 16:21:20.233 [main] INFO  calculator.App - Natural logarithm of2.718
2021-03-17 16:21:20.233 [main] INFO  calculator.App - log(2.718) = 0.999896315728952
2021-03-17 16:21:20.235 [main] INFO  calculator.App - Square root of 25.0 = 5.0
2021-03-17 16:21:20.236 [main] INFO  calculator.App - 2.0 powers 5.0
2021-03-17 16:21:20.236 [main] INFO  calculator.App - 2.0^5.0 = 32.0
2021-03-17 16:27:04.626 [main] INFO  calculator.App - Factorial of 5
2021-03-17 16:27:04.630 [main] INFO  calculator.App - !5 = 120
2021-03-17 16:27:04.632 [main] INFO  calculator.App - Natural logarithm of2.718
2021-03-17 16:27:04.632 [main] INFO  calculator.App - log(2.718) = 0.999896315728952
2021-03-17 16:27:04.633 [main] INFO  calculator.App - Square root of 25.0 = 5.0
2021-03-17 16:27:04.658 [main] INFO  calculator.App - 2.0 powers 5.0
2021-03-17 16:27:04.659 [main] INFO  calculator.App - 2.0^5.0 = 32.0
2021-03-17 16:30:23.014 [main] INFO  calculator.App - Factorial of 5
2021-03-17 16:30:23.018 [main] INFO  calculator.App - !5 = 120
2021-03-17 16:30:23.022 [main] INFO  calculator.App - Natural logarithm of2.718
2021-03-17 16:30:23.023 [main] INFO  calculator.App - log(2.718) = 0.999896315728952
2021-03-17 16:30:23.024 [main] INFO  calculator.App - Square root of 25.0 = 5.0
2021-03-17 16:30:23.025 [main] INFO  calculator.App - 2.0 powers 5.0
2021-03-17 16:30:23.025 [main] INFO  calculator.App - 2.0^5.0 = 32.0
